2026-05-09 12:51:15,364 - ERROR - Config Error
2026-05-09 12:51:37,775 - ERROR - Config Error
2026-05-09 12:52:07,383 - INFO - Training Begin
2026-05-09 12:52:07,415 - INFO - Using cuda
2026-05-09 12:52:55,292 - INFO - Train loss: 4.244, accuracy 0.279
2026-05-09 12:53:23,194 - INFO - Valid loss: 3.925, accuracy 0.290
2026-05-09 12:53:38,241 - INFO - Train loss: 3.615, accuracy 0.394
2026-05-09 12:53:40,080 - INFO - Valid loss: 3.585, accuracy 0.360
2026-05-09 12:53:52,876 - INFO - Train loss: 3.426, accuracy 0.465
2026-05-09 12:53:54,530 - INFO - Valid loss: 3.513, accuracy 0.410
2026-05-09 12:54:05,682 - INFO - Train loss: 3.355, accuracy 0.466
2026-05-09 12:54:07,240 - INFO - Valid loss: 3.465, accuracy 0.430
2026-05-09 12:54:20,003 - INFO - Train loss: 3.337, accuracy 0.469
2026-05-09 12:54:21,672 - INFO - Valid loss: 3.423, accuracy 0.440
2026-05-09 12:54:35,204 - INFO - Train loss: 3.329, accuracy 0.484
2026-05-09 12:54:36,814 - INFO - Valid loss: 3.497, accuracy 0.435
2026-05-09 12:54:50,462 - INFO - Train loss: 3.321, accuracy 0.481
2026-05-09 12:54:52,068 - INFO - Valid loss: 3.463, accuracy 0.395
2026-05-09 12:55:05,697 - INFO - Train loss: 3.300, accuracy 0.480
2026-05-09 12:55:07,274 - INFO - Valid loss: 3.410, accuracy 0.460
2026-05-09 12:55:21,000 - INFO - Train loss: 3.262, accuracy 0.480
2026-05-09 12:55:22,599 - INFO - Valid loss: 3.453, accuracy 0.400
2026-05-09 12:55:35,970 - INFO - Train loss: 3.272, accuracy 0.497
2026-05-09 12:55:37,579 - INFO - Valid loss: 3.494, accuracy 0.405
2026-05-09 12:55:49,530 - INFO - Train loss: 3.254, accuracy 0.490
2026-05-09 12:55:50,964 - INFO - Valid loss: 3.422, accuracy 0.430
2026-05-09 12:56:02,548 - INFO - Train loss: 3.224, accuracy 0.489
2026-05-09 12:56:04,178 - INFO - Valid loss: 3.386, accuracy 0.440
2026-05-09 12:56:15,249 - INFO - Train loss: 3.205, accuracy 0.476
2026-05-09 12:56:16,763 - INFO - Valid loss: 3.504, accuracy 0.460
2026-05-09 12:56:26,655 - INFO - Train loss: 3.192, accuracy 0.480
2026-05-09 12:56:28,172 - INFO - Valid loss: 3.362, accuracy 0.445
2026-05-09 12:56:37,566 - INFO - Train loss: 3.185, accuracy 0.499
2026-05-09 12:56:39,085 - INFO - Valid loss: 3.356, accuracy 0.465
2026-05-09 12:56:48,229 - INFO - Train loss: 3.184, accuracy 0.509
2026-05-09 12:56:49,766 - INFO - Valid loss: 3.351, accuracy 0.435
2026-05-09 12:56:58,937 - INFO - Train loss: 3.139, accuracy 0.501
2026-05-09 12:57:00,473 - INFO - Valid loss: 3.380, accuracy 0.445
2026-05-09 12:57:09,830 - INFO - Train loss: 3.116, accuracy 0.514
2026-05-09 12:57:11,385 - INFO - Valid loss: 3.385, accuracy 0.485
2026-05-09 12:57:20,502 - INFO - Train loss: 3.108, accuracy 0.502
2026-05-09 12:57:22,039 - INFO - Valid loss: 3.364, accuracy 0.465
2026-05-09 12:57:31,241 - INFO - Train loss: 3.113, accuracy 0.480
2026-05-09 12:57:32,784 - INFO - Valid loss: 3.360, accuracy 0.425
2026-05-09 12:57:42,553 - INFO - Train loss: 3.131, accuracy 0.511
2026-05-09 12:57:44,102 - INFO - Valid loss: 3.340, accuracy 0.475
2026-05-09 12:57:52,349 - INFO - Train loss: 3.114, accuracy 0.495
2026-05-09 12:57:53,854 - INFO - Valid loss: 3.392, accuracy 0.465
2026-05-09 12:58:01,964 - INFO - Train loss: 3.158, accuracy 0.515
2026-05-09 12:58:03,463 - INFO - Valid loss: 3.446, accuracy 0.460
2026-05-09 12:58:11,604 - INFO - Train loss: 3.136, accuracy 0.504
2026-05-09 12:58:13,095 - INFO - Valid loss: 3.367, accuracy 0.440
2026-05-09 12:58:21,053 - INFO - Train loss: 3.135, accuracy 0.484
2026-05-09 12:58:22,592 - INFO - Valid loss: 3.461, accuracy 0.450
2026-05-09 12:58:31,035 - INFO - Train loss: 3.084, accuracy 0.507
2026-05-09 12:58:32,551 - INFO - Valid loss: 3.391, accuracy 0.460
2026-05-09 12:58:41,061 - INFO - Train loss: 3.049, accuracy 0.504
2026-05-09 12:58:42,612 - INFO - Valid loss: 3.292, accuracy 0.490
2026-05-09 12:58:51,062 - INFO - Train loss: 3.045, accuracy 0.521
2026-05-09 12:58:52,560 - INFO - Valid loss: 3.337, accuracy 0.465
2026-05-09 12:59:00,498 - INFO - Train loss: 3.046, accuracy 0.521
2026-05-09 12:59:02,028 - INFO - Valid loss: 3.263, accuracy 0.460
2026-05-09 12:59:10,163 - INFO - Train loss: 3.012, accuracy 0.509
2026-05-09 12:59:11,639 - INFO - Valid loss: 3.312, accuracy 0.445
2026-05-09 12:59:20,097 - INFO - Train loss: 2.991, accuracy 0.510
2026-05-09 12:59:21,607 - INFO - Valid loss: 3.350, accuracy 0.450
2026-05-09 12:59:29,421 - INFO - Train loss: 2.986, accuracy 0.530
2026-05-09 12:59:30,971 - INFO - Valid loss: 3.276, accuracy 0.450
2026-05-09 12:59:39,143 - INFO - Train loss: 2.943, accuracy 0.516
2026-05-09 12:59:40,639 - INFO - Valid loss: 3.283, accuracy 0.450
2026-05-09 12:59:48,957 - INFO - Train loss: 3.008, accuracy 0.502
2026-05-09 12:59:50,425 - INFO - Valid loss: 3.267, accuracy 0.475
2026-05-09 12:59:58,787 - INFO - Train loss: 2.926, accuracy 0.507
2026-05-09 13:00:00,303 - INFO - Valid loss: 3.381, accuracy 0.455
2026-05-09 13:00:08,448 - INFO - Train loss: 2.943, accuracy 0.511
2026-05-09 13:00:09,962 - INFO - Valid loss: 3.244, accuracy 0.450
2026-05-09 13:00:18,231 - INFO - Train loss: 2.920, accuracy 0.504
2026-05-09 13:00:19,701 - INFO - Valid loss: 3.212, accuracy 0.465
2026-05-09 13:00:27,654 - INFO - Train loss: 2.951, accuracy 0.507
2026-05-09 13:00:29,185 - INFO - Valid loss: 3.307, accuracy 0.490
2026-05-09 13:00:37,234 - INFO - Train loss: 2.902, accuracy 0.524
2026-05-09 13:00:38,722 - INFO - Valid loss: 3.206, accuracy 0.475
2026-05-09 13:00:46,679 - INFO - Train loss: 2.862, accuracy 0.530
2026-05-09 13:00:48,236 - INFO - Valid loss: 3.296, accuracy 0.435
2026-05-09 13:00:56,547 - INFO - Train loss: 2.860, accuracy 0.537
2026-05-09 13:00:58,031 - INFO - Valid loss: 3.228, accuracy 0.475
2026-05-09 13:01:06,057 - INFO - Train loss: 2.838, accuracy 0.522
2026-05-09 13:01:07,531 - INFO - Valid loss: 3.153, accuracy 0.470
2026-05-09 13:01:15,876 - INFO - Train loss: 2.838, accuracy 0.521
2026-05-09 13:01:17,392 - INFO - Valid loss: 3.241, accuracy 0.435
2026-05-09 13:01:25,667 - INFO - Train loss: 2.829, accuracy 0.524
2026-05-09 13:01:27,208 - INFO - Valid loss: 3.214, accuracy 0.440
2026-05-09 13:01:35,387 - INFO - Train loss: 2.807, accuracy 0.530
2026-05-09 13:01:36,901 - INFO - Valid loss: 3.177, accuracy 0.425
2026-05-09 13:01:45,450 - INFO - Train loss: 2.813, accuracy 0.531
2026-05-09 13:01:47,005 - INFO - Valid loss: 3.162, accuracy 0.445
2026-05-09 13:01:55,438 - INFO - Train loss: 2.839, accuracy 0.519
2026-05-09 13:01:56,958 - INFO - Valid loss: 3.207, accuracy 0.430
2026-05-09 13:02:05,158 - INFO - Train loss: 2.776, accuracy 0.537
2026-05-09 13:02:06,672 - INFO - Valid loss: 3.169, accuracy 0.435
2026-05-09 13:02:15,045 - INFO - Train loss: 2.763, accuracy 0.527
2026-05-09 13:02:16,551 - INFO - Valid loss: 3.108, accuracy 0.500
2026-05-09 13:02:24,769 - INFO - Train loss: 2.752, accuracy 0.512
2026-05-09 13:02:26,319 - INFO - Valid loss: 3.213, accuracy 0.500
2026-05-09 13:02:26,457 - INFO - Training End
2026-05-09 15:33:56,700 - ERROR - Config Error
2026-05-09 15:34:31,842 - INFO - Using cuda
2026-05-09 15:34:41,274 - INFO - Instance   0 | SCIP nb nodes      41  | SCIP time     5.53 
2026-05-09 15:34:41,275 - INFO -              | GNN  nb nodes     211  | GNN  time     3.47 
2026-05-09 15:34:41,275 - INFO -              | Gain          -414.63% | Gain         37.27%
2026-05-09 15:34:57,000 - INFO - Instance   1 | SCIP nb nodes     418  | SCIP time     7.73 
2026-05-09 15:34:57,001 - INFO -              | GNN  nb nodes     716  | GNN  time     7.96 
2026-05-09 15:34:57,001 - INFO -              | Gain           -71.29% | Gain         -3.08%
2026-05-09 15:35:01,369 - INFO - Instance   2 | SCIP nb nodes       9  | SCIP time     2.29 
2026-05-09 15:35:01,369 - INFO -              | GNN  nb nodes     125  | GNN  time     2.05 
2026-05-09 15:35:01,369 - INFO -              | Gain         -1288.89% | Gain         10.32%
2026-05-09 15:35:12,238 - INFO - Instance   3 | SCIP nb nodes     229  | SCIP time     5.63 
2026-05-09 15:35:12,238 - INFO -              | GNN  nb nodes     622  | GNN  time     5.21 
2026-05-09 15:35:12,238 - INFO -              | Gain          -171.62% | Gain          7.52%
2026-05-09 15:35:32,682 - INFO - Instance   4 | SCIP nb nodes     715  | SCIP time     7.89 
2026-05-09 15:35:32,682 - INFO -              | GNN  nb nodes    1835  | GNN  time    12.51 
2026-05-09 15:35:32,682 - INFO -              | Gain          -156.64% | Gain        -58.51%
2026-05-09 15:35:38,233 - INFO - Instance   5 | SCIP nb nodes      29  | SCIP time     3.47 
2026-05-09 15:35:38,234 - INFO -              | GNN  nb nodes     153  | GNN  time     2.05 
2026-05-09 15:35:38,234 - INFO -              | Gain          -427.59% | Gain         41.12%
2026-05-09 15:35:55,006 - INFO - Instance   6 | SCIP nb nodes     325  | SCIP time     8.63 
2026-05-09 15:35:55,010 - INFO -              | GNN  nb nodes     619  | GNN  time     7.89 
2026-05-09 15:35:55,010 - INFO -              | Gain           -90.46% | Gain          8.56%
2026-05-09 15:35:59,930 - INFO - Instance   7 | SCIP nb nodes      11  | SCIP time     2.19 
2026-05-09 15:35:59,930 - INFO -              | GNN  nb nodes      95  | GNN  time     2.52 
2026-05-09 15:35:59,930 - INFO -              | Gain          -763.64% | Gain        -15.48%
2026-05-09 15:36:21,829 - INFO - Instance   8 | SCIP nb nodes     819  | SCIP time     9.79 
2026-05-09 15:36:21,829 - INFO -              | GNN  nb nodes    1572  | GNN  time    12.07 
2026-05-09 15:36:21,830 - INFO -              | Gain           -91.94% | Gain        -23.23%
2026-05-09 15:36:29,929 - INFO - Instance   9 | SCIP nb nodes      71  | SCIP time     4.54 
2026-05-09 15:36:29,929 - INFO -              | GNN  nb nodes     280  | GNN  time     3.53 
2026-05-09 15:36:29,929 - INFO -              | Gain          -294.37% | Gain         22.20%
2026-05-09 15:36:42,771 - INFO - Instance  10 | SCIP nb nodes     385  | SCIP time     6.50 
2026-05-09 15:36:42,771 - INFO -              | GNN  nb nodes     777  | GNN  time     6.31 
2026-05-09 15:36:42,771 - INFO -              | Gain          -101.82% | Gain          2.92%
2026-05-09 15:36:46,466 - INFO - Instance  11 | SCIP nb nodes       5  | SCIP time     2.19 
2026-05-09 15:36:46,466 - INFO -              | GNN  nb nodes      47  | GNN  time     1.48 
2026-05-09 15:36:46,466 - INFO -              | Gain          -840.00% | Gain         32.29%
2026-05-09 15:37:06,682 - INFO - Instance  12 | SCIP nb nodes     897  | SCIP time     8.74 
2026-05-09 15:37:06,683 - INFO -              | GNN  nb nodes    1529  | GNN  time    11.44 
2026-05-09 15:37:06,683 - INFO -              | Gain           -70.46% | Gain        -30.90%
2026-05-09 15:38:30,872 - INFO - Instance  13 | SCIP nb nodes    4393  | SCIP time    24.77 
2026-05-09 15:38:30,873 - INFO -              | GNN  nb nodes    9075  | GNN  time    59.35 
2026-05-09 15:38:30,873 - INFO -              | Gain          -106.58% | Gain       -139.59%
2026-05-09 15:38:43,827 - INFO - Instance  14 | SCIP nb nodes     211  | SCIP time     6.83 
2026-05-09 15:38:43,827 - INFO -              | GNN  nb nodes     598  | GNN  time     6.09 
2026-05-09 15:38:43,827 - INFO -              | Gain          -183.41% | Gain         10.79%
2026-05-09 15:39:05,185 - INFO - Instance  15 | SCIP nb nodes     993  | SCIP time    10.69 
2026-05-09 15:39:05,186 - INFO -              | GNN  nb nodes    1227  | GNN  time    10.63 
2026-05-09 15:39:05,186 - INFO -              | Gain           -23.56% | Gain          0.56%
2026-05-09 15:39:08,554 - INFO - Instance  16 | SCIP nb nodes       7  | SCIP time     1.85 
2026-05-09 15:39:08,554 - INFO -              | GNN  nb nodes      51  | GNN  time     1.48 
2026-05-09 15:39:08,554 - INFO -              | Gain          -628.57% | Gain         19.71%
2026-05-09 15:39:15,217 - INFO - Instance  17 | SCIP nb nodes      45  | SCIP time     3.80 
2026-05-09 15:39:15,217 - INFO -              | GNN  nb nodes     189  | GNN  time     2.83 
2026-05-09 15:39:15,217 - INFO -              | Gain          -320.00% | Gain         25.63%
2026-05-09 15:39:19,861 - INFO - Instance  18 | SCIP nb nodes      11  | SCIP time     2.56 
2026-05-09 15:39:19,862 - INFO -              | GNN  nb nodes      83  | GNN  time     2.05 
2026-05-09 15:39:19,862 - INFO -              | Gain          -654.55% | Gain         19.97%
2026-05-09 15:39:28,644 - INFO - Instance  19 | SCIP nb nodes     107  | SCIP time     4.96 
2026-05-09 15:39:28,644 - INFO -              | GNN  nb nodes     365  | GNN  time     3.79 
2026-05-09 15:39:28,644 - INFO -              | Gain          -241.12% | Gain         23.53%
2026-05-09 15:40:02,957 - INFO - Training Begin
2026-05-09 15:40:02,987 - INFO - Using cuda
2026-05-09 15:43:31,296 - INFO - Training Begin
2026-05-09 15:43:31,334 - INFO - Using cuda
2026-05-09 15:44:17,282 - INFO - Train loss: 4.185, accuracy 0.241
2026-05-09 15:44:27,237 - INFO - Valid loss: 3.859, accuracy 0.370
2026-05-09 15:44:42,160 - INFO - Train loss: 3.531, accuracy 0.424
2026-05-09 15:44:43,954 - INFO - Valid loss: 3.550, accuracy 0.440
2026-05-09 15:44:51,288 - INFO - Train loss: 3.427, accuracy 0.468
2026-05-09 15:44:52,731 - INFO - Valid loss: 3.571, accuracy 0.380
2026-05-09 15:45:00,409 - INFO - Train loss: 3.401, accuracy 0.465
2026-05-09 15:45:01,924 - INFO - Valid loss: 3.490, accuracy 0.445
2026-05-09 15:45:09,413 - INFO - Train loss: 3.376, accuracy 0.476
2026-05-09 15:45:10,836 - INFO - Valid loss: 3.495, accuracy 0.410
2026-05-09 15:45:18,058 - INFO - Train loss: 3.361, accuracy 0.476
2026-05-09 15:45:19,560 - INFO - Valid loss: 3.475, accuracy 0.425
2026-05-09 15:45:27,059 - INFO - Train loss: 3.353, accuracy 0.480
2026-05-09 15:45:28,486 - INFO - Valid loss: 3.481, accuracy 0.380
2026-05-09 15:45:36,193 - INFO - Train loss: 3.345, accuracy 0.480
2026-05-09 15:45:37,674 - INFO - Valid loss: 3.449, accuracy 0.425
2026-05-09 15:45:44,995 - INFO - Train loss: 3.327, accuracy 0.487
2026-05-09 15:45:46,405 - INFO - Valid loss: 3.480, accuracy 0.445
2026-05-09 15:45:53,746 - INFO - Train loss: 3.293, accuracy 0.475
2026-05-09 15:45:55,137 - INFO - Valid loss: 3.497, accuracy 0.445
2026-05-09 15:46:02,527 - INFO - Train loss: 3.283, accuracy 0.490
2026-05-09 15:46:03,939 - INFO - Valid loss: 3.442, accuracy 0.455
2026-05-09 15:46:11,172 - INFO - Train loss: 3.282, accuracy 0.479
2026-05-09 15:46:12,532 - INFO - Valid loss: 3.463, accuracy 0.445
2026-05-09 15:46:19,848 - INFO - Train loss: 3.263, accuracy 0.485
2026-05-09 15:46:21,211 - INFO - Valid loss: 3.531, accuracy 0.420
2026-05-09 15:46:28,767 - INFO - Train loss: 3.286, accuracy 0.471
2026-05-09 15:46:30,120 - INFO - Valid loss: 3.427, accuracy 0.445
2026-05-09 15:46:37,337 - INFO - Train loss: 3.243, accuracy 0.484
2026-05-09 15:46:38,740 - INFO - Valid loss: 3.428, accuracy 0.440
2026-05-09 15:46:46,212 - INFO - Train loss: 3.239, accuracy 0.471
2026-05-09 15:46:47,586 - INFO - Valid loss: 3.406, accuracy 0.440
2026-05-09 15:46:54,947 - INFO - Train loss: 3.180, accuracy 0.477
2026-05-09 15:46:56,336 - INFO - Valid loss: 3.418, accuracy 0.445
2026-05-09 15:47:03,708 - INFO - Train loss: 3.165, accuracy 0.486
2026-05-09 15:47:05,098 - INFO - Valid loss: 3.389, accuracy 0.420
2026-05-09 15:47:12,731 - INFO - Train loss: 3.237, accuracy 0.471
2026-05-09 15:47:14,151 - INFO - Valid loss: 3.406, accuracy 0.420
2026-05-09 15:47:21,523 - INFO - Train loss: 3.261, accuracy 0.480
2026-05-09 15:47:22,926 - INFO - Valid loss: 3.423, accuracy 0.450
2026-05-09 15:47:29,873 - INFO - Train loss: 3.196, accuracy 0.476
2026-05-09 15:47:31,258 - INFO - Valid loss: 3.368, accuracy 0.440
2026-05-09 15:47:38,618 - INFO - Train loss: 3.154, accuracy 0.479
2026-05-09 15:47:40,011 - INFO - Valid loss: 3.366, accuracy 0.445
2026-05-09 15:47:47,383 - INFO - Train loss: 3.191, accuracy 0.474
2026-05-09 15:47:48,765 - INFO - Valid loss: 3.359, accuracy 0.430
2026-05-09 15:47:56,202 - INFO - Train loss: 3.222, accuracy 0.486
2026-05-09 15:47:57,608 - INFO - Valid loss: 3.415, accuracy 0.445
2026-05-09 15:48:04,969 - INFO - Train loss: 3.167, accuracy 0.500
2026-05-09 15:48:06,371 - INFO - Valid loss: 3.351, accuracy 0.415
2026-05-09 15:48:13,605 - INFO - Train loss: 3.137, accuracy 0.486
2026-05-09 15:48:14,994 - INFO - Valid loss: 3.328, accuracy 0.430
2026-05-09 15:48:22,400 - INFO - Train loss: 3.100, accuracy 0.496
2026-05-09 15:48:23,806 - INFO - Valid loss: 3.347, accuracy 0.435
2026-05-09 15:48:31,045 - INFO - Train loss: 3.144, accuracy 0.497
2026-05-09 15:48:32,453 - INFO - Valid loss: 3.363, accuracy 0.420
2026-05-09 15:48:39,939 - INFO - Train loss: 3.152, accuracy 0.482
2026-05-09 15:48:41,332 - INFO - Valid loss: 3.329, accuracy 0.450
2026-05-09 15:48:48,698 - INFO - Train loss: 3.093, accuracy 0.499
2026-05-09 15:48:50,089 - INFO - Valid loss: 3.348, accuracy 0.435
2026-05-09 15:48:57,418 - INFO - Train loss: 3.073, accuracy 0.504
2026-05-09 15:48:58,828 - INFO - Valid loss: 3.336, accuracy 0.460
2026-05-09 15:49:06,122 - INFO - Train loss: 3.127, accuracy 0.466
2026-05-09 15:49:07,545 - INFO - Valid loss: 3.308, accuracy 0.450
2026-05-09 15:49:14,931 - INFO - Train loss: 3.137, accuracy 0.487
2026-05-09 15:49:16,340 - INFO - Valid loss: 3.330, accuracy 0.445
2026-05-09 15:49:23,819 - INFO - Train loss: 3.097, accuracy 0.506
2026-05-09 15:49:25,231 - INFO - Valid loss: 3.317, accuracy 0.465
2026-05-09 15:49:33,033 - INFO - Train loss: 3.047, accuracy 0.507
2026-05-09 15:49:34,418 - INFO - Valid loss: 3.361, accuracy 0.425
2026-05-09 15:49:41,683 - INFO - Train loss: 3.049, accuracy 0.515
2026-05-09 15:49:43,090 - INFO - Valid loss: 3.259, accuracy 0.455
2026-05-09 15:49:50,603 - INFO - Train loss: 3.052, accuracy 0.495
2026-05-09 15:49:52,030 - INFO - Valid loss: 3.280, accuracy 0.455
2026-05-09 15:49:59,403 - INFO - Train loss: 3.036, accuracy 0.502
2026-05-09 15:50:00,799 - INFO - Valid loss: 3.388, accuracy 0.400
2026-05-09 15:50:08,548 - INFO - Train loss: 2.999, accuracy 0.507
2026-05-09 15:50:09,957 - INFO - Valid loss: 3.317, accuracy 0.470
2026-05-09 15:50:17,391 - INFO - Train loss: 3.003, accuracy 0.514
2026-05-09 15:50:18,825 - INFO - Valid loss: 3.277, accuracy 0.430
2026-05-09 15:50:26,213 - INFO - Train loss: 3.009, accuracy 0.502
2026-05-09 15:50:27,630 - INFO - Valid loss: 3.341, accuracy 0.410
2026-05-09 15:50:35,196 - INFO - Train loss: 3.027, accuracy 0.522
2026-05-09 15:50:36,625 - INFO - Valid loss: 3.309, accuracy 0.460
2026-05-09 15:50:44,165 - INFO - Train loss: 2.977, accuracy 0.511
2026-05-09 15:50:45,589 - INFO - Valid loss: 3.237, accuracy 0.465
2026-05-09 15:50:53,059 - INFO - Train loss: 2.971, accuracy 0.519
2026-05-09 15:50:54,487 - INFO - Valid loss: 3.223, accuracy 0.455
2026-05-09 15:51:01,982 - INFO - Train loss: 3.009, accuracy 0.497
2026-05-09 15:51:03,395 - INFO - Valid loss: 3.242, accuracy 0.470
2026-05-09 15:51:10,667 - INFO - Train loss: 2.966, accuracy 0.495
2026-05-09 15:51:12,065 - INFO - Valid loss: 3.308, accuracy 0.450
2026-05-09 15:51:19,401 - INFO - Train loss: 2.973, accuracy 0.514
2026-05-09 15:51:20,867 - INFO - Valid loss: 3.314, accuracy 0.495
2026-05-09 15:51:28,137 - INFO - Train loss: 2.971, accuracy 0.529
2026-05-09 15:51:29,518 - INFO - Valid loss: 3.245, accuracy 0.470
2026-05-09 15:51:37,081 - INFO - Train loss: 2.940, accuracy 0.522
2026-05-09 15:51:38,472 - INFO - Valid loss: 3.248, accuracy 0.480
2026-05-09 15:51:46,180 - INFO - Train loss: 2.915, accuracy 0.521
2026-05-09 15:51:47,639 - INFO - Valid loss: 3.228, accuracy 0.485
2026-05-09 15:51:55,336 - INFO - Train loss: 2.917, accuracy 0.531
2026-05-09 15:51:56,789 - INFO - Valid loss: 3.363, accuracy 0.465
2026-05-09 15:52:04,264 - INFO - Train loss: 2.931, accuracy 0.514
2026-05-09 15:52:05,690 - INFO - Valid loss: 3.231, accuracy 0.460
2026-05-09 15:52:13,008 - INFO - Train loss: 2.934, accuracy 0.534
2026-05-09 15:52:14,408 - INFO - Valid loss: 3.219, accuracy 0.450
2026-05-09 15:52:21,869 - INFO - Train loss: 2.928, accuracy 0.532
2026-05-09 15:52:23,257 - INFO - Valid loss: 3.283, accuracy 0.440
2026-05-09 15:52:30,387 - INFO - Train loss: 2.978, accuracy 0.499
2026-05-09 15:52:31,816 - INFO - Valid loss: 3.274, accuracy 0.475
2026-05-09 15:52:39,429 - INFO - Train loss: 2.892, accuracy 0.549
2026-05-09 15:52:40,861 - INFO - Valid loss: 3.273, accuracy 0.475
2026-05-09 15:52:48,613 - INFO - Train loss: 2.836, accuracy 0.514
2026-05-09 15:52:50,033 - INFO - Valid loss: 3.213, accuracy 0.470
2026-05-09 15:52:57,169 - INFO - Train loss: 2.860, accuracy 0.519
2026-05-09 15:52:58,560 - INFO - Valid loss: 3.239, accuracy 0.430
2026-05-09 15:53:06,117 - INFO - Train loss: 2.859, accuracy 0.526
2026-05-09 15:53:07,503 - INFO - Valid loss: 3.183, accuracy 0.450
2026-05-09 15:53:14,730 - INFO - Train loss: 2.808, accuracy 0.525
2026-05-09 15:53:16,139 - INFO - Valid loss: 3.154, accuracy 0.500
2026-05-09 15:53:23,399 - INFO - Train loss: 2.799, accuracy 0.537
2026-05-09 15:53:24,827 - INFO - Valid loss: 3.253, accuracy 0.450
2026-05-09 15:53:31,933 - INFO - Train loss: 2.836, accuracy 0.531
2026-05-09 15:53:33,368 - INFO - Valid loss: 3.249, accuracy 0.435
2026-05-09 15:53:40,610 - INFO - Train loss: 2.817, accuracy 0.526
2026-05-09 15:53:42,025 - INFO - Valid loss: 3.216, accuracy 0.460
2026-05-09 15:53:49,507 - INFO - Train loss: 2.774, accuracy 0.540
2026-05-09 15:53:50,871 - INFO - Valid loss: 3.170, accuracy 0.490
2026-05-09 15:53:58,262 - INFO - Train loss: 2.747, accuracy 0.535
2026-05-09 15:53:59,659 - INFO - Valid loss: 3.156, accuracy 0.450
2026-05-09 15:54:06,780 - INFO - Train loss: 2.772, accuracy 0.527
2026-05-09 15:54:08,197 - INFO - Valid loss: 3.115, accuracy 0.500
2026-05-09 15:54:15,515 - INFO - Train loss: 2.738, accuracy 0.542
2026-05-09 15:54:16,926 - INFO - Valid loss: 3.099, accuracy 0.445
2026-05-09 15:54:24,251 - INFO - Train loss: 2.762, accuracy 0.534
2026-05-09 15:54:25,641 - INFO - Valid loss: 3.155, accuracy 0.465
2026-05-09 15:54:32,888 - INFO - Train loss: 2.737, accuracy 0.525
2026-05-09 15:54:34,297 - INFO - Valid loss: 3.205, accuracy 0.495
2026-05-09 15:54:41,608 - INFO - Train loss: 2.737, accuracy 0.514
2026-05-09 15:54:42,990 - INFO - Valid loss: 3.324, accuracy 0.430
2026-05-09 15:54:50,349 - INFO - Train loss: 2.785, accuracy 0.547
2026-05-09 15:54:51,767 - INFO - Valid loss: 3.212, accuracy 0.470
2026-05-09 15:54:58,744 - INFO - Train loss: 2.739, accuracy 0.541
2026-05-09 15:55:00,141 - INFO - Valid loss: 3.224, accuracy 0.440
2026-05-09 15:55:07,478 - INFO - Train loss: 2.740, accuracy 0.541
2026-05-09 15:55:08,860 - INFO - Valid loss: 3.155, accuracy 0.470
2026-05-09 15:55:16,108 - INFO - Train loss: 2.702, accuracy 0.542
2026-05-09 15:55:17,523 - INFO - Valid loss: 3.135, accuracy 0.460
2026-05-09 15:55:24,752 - INFO - Train loss: 2.655, accuracy 0.532
2026-05-09 15:55:26,172 - INFO - Valid loss: 3.190, accuracy 0.465
2026-05-09 15:55:33,619 - INFO - Train loss: 2.757, accuracy 0.531
2026-05-09 15:55:35,034 - INFO - Valid loss: 3.222, accuracy 0.485
2026-05-09 15:55:42,824 - INFO - Train loss: 2.745, accuracy 0.524
2026-05-09 15:55:44,212 - INFO - Valid loss: 3.292, accuracy 0.455
2026-05-09 15:55:51,864 - INFO - Train loss: 2.735, accuracy 0.544
2026-05-09 15:55:53,269 - INFO - Valid loss: 3.198, accuracy 0.445
2026-05-09 15:56:00,413 - INFO - Train loss: 2.669, accuracy 0.546
2026-05-09 15:56:01,793 - INFO - Valid loss: 3.167, accuracy 0.490
2026-05-09 15:56:08,961 - INFO - Train loss: 2.639, accuracy 0.552
2026-05-09 15:56:10,380 - INFO - Valid loss: 3.264, accuracy 0.420
2026-05-09 15:56:18,147 - INFO - Train loss: 2.764, accuracy 0.525
2026-05-09 15:56:19,545 - INFO - Valid loss: 3.142, accuracy 0.470
2026-05-09 15:56:26,636 - INFO - Train loss: 2.699, accuracy 0.529
2026-05-09 15:56:28,029 - INFO - Valid loss: 3.118, accuracy 0.465
2026-05-09 15:56:35,433 - INFO - Train loss: 2.656, accuracy 0.550
2026-05-09 15:56:36,821 - INFO - Valid loss: 3.138, accuracy 0.485
2026-05-09 15:56:44,161 - INFO - Train loss: 2.679, accuracy 0.540
2026-05-09 15:56:45,565 - INFO - Valid loss: 3.176, accuracy 0.435
2026-05-09 15:56:52,708 - INFO - Train loss: 2.634, accuracy 0.560
2026-05-09 15:56:54,091 - INFO - Valid loss: 3.251, accuracy 0.475
2026-05-09 15:57:01,252 - INFO - Train loss: 2.640, accuracy 0.522
2026-05-09 15:57:02,669 - INFO - Valid loss: 3.155, accuracy 0.485
2026-05-09 15:57:10,249 - INFO - Train loss: 2.607, accuracy 0.545
2026-05-09 15:57:11,624 - INFO - Valid loss: 3.162, accuracy 0.480
2026-05-09 15:57:18,789 - INFO - Train loss: 2.590, accuracy 0.561
2026-05-09 15:57:20,149 - INFO - Valid loss: 3.131, accuracy 0.465
2026-05-09 15:57:27,301 - INFO - Train loss: 2.606, accuracy 0.545
2026-05-09 15:57:28,710 - INFO - Valid loss: 3.117, accuracy 0.485
2026-05-09 15:57:36,136 - INFO - Train loss: 2.592, accuracy 0.550
2026-05-09 15:57:37,520 - INFO - Valid loss: 3.178, accuracy 0.490
2026-05-09 15:57:44,655 - INFO - Train loss: 2.544, accuracy 0.550
2026-05-09 15:57:46,061 - INFO - Valid loss: 3.182, accuracy 0.445
2026-05-09 15:57:53,465 - INFO - Train loss: 2.527, accuracy 0.570
2026-05-09 15:57:54,891 - INFO - Valid loss: 3.163, accuracy 0.470
2026-05-09 15:58:02,376 - INFO - Train loss: 2.517, accuracy 0.535
2026-05-09 15:58:03,766 - INFO - Valid loss: 3.216, accuracy 0.455
2026-05-09 15:58:10,787 - INFO - Train loss: 2.524, accuracy 0.550
2026-05-09 15:58:12,152 - INFO - Valid loss: 3.190, accuracy 0.455
2026-05-09 15:58:19,475 - INFO - Train loss: 2.508, accuracy 0.559
2026-05-09 15:58:20,876 - INFO - Valid loss: 3.173, accuracy 0.430
2026-05-09 15:58:28,311 - INFO - Train loss: 2.497, accuracy 0.561
2026-05-09 15:58:29,684 - INFO - Valid loss: 3.208, accuracy 0.400
2026-05-09 15:58:36,992 - INFO - Train loss: 2.610, accuracy 0.579
2026-05-09 15:58:38,404 - INFO - Valid loss: 3.174, accuracy 0.430
2026-05-09 15:58:45,650 - INFO - Train loss: 2.472, accuracy 0.566
2026-05-09 15:58:47,046 - INFO - Valid loss: 3.201, accuracy 0.470
2026-05-09 15:58:54,510 - INFO - Train loss: 2.520, accuracy 0.559
2026-05-09 15:58:55,928 - INFO - Valid loss: 3.169, accuracy 0.505
2026-05-09 15:59:03,204 - INFO - Train loss: 2.481, accuracy 0.554
2026-05-09 15:59:04,554 - INFO - Valid loss: 3.100, accuracy 0.480
2026-05-09 15:59:11,794 - INFO - Train loss: 2.459, accuracy 0.568
2026-05-09 15:59:13,197 - INFO - Valid loss: 3.163, accuracy 0.490
2026-05-09 15:59:20,690 - INFO - Train loss: 2.420, accuracy 0.573
2026-05-09 15:59:22,060 - INFO - Valid loss: 3.351, accuracy 0.480
2026-05-09 15:59:29,242 - INFO - Train loss: 2.503, accuracy 0.552
2026-05-09 15:59:30,461 - INFO - Valid loss: 3.102, accuracy 0.455
2026-05-09 15:59:37,447 - INFO - Train loss: 2.435, accuracy 0.552
2026-05-09 15:59:38,631 - INFO - Valid loss: 3.187, accuracy 0.460
2026-05-09 15:59:45,535 - INFO - Train loss: 2.456, accuracy 0.556
2026-05-09 15:59:46,745 - INFO - Valid loss: 3.185, accuracy 0.460
2026-05-09 15:59:53,585 - INFO - Train loss: 2.468, accuracy 0.560
2026-05-09 15:59:54,778 - INFO - Valid loss: 3.175, accuracy 0.455
2026-05-09 16:00:01,916 - INFO - Train loss: 2.421, accuracy 0.576
2026-05-09 16:00:03,131 - INFO - Valid loss: 3.112, accuracy 0.470
2026-05-09 16:00:09,825 - INFO - Train loss: 2.453, accuracy 0.579
2026-05-09 16:00:11,058 - INFO - Valid loss: 3.240, accuracy 0.475
2026-05-09 16:00:18,197 - INFO - Train loss: 2.383, accuracy 0.580
2026-05-09 16:00:19,399 - INFO - Valid loss: 3.161, accuracy 0.460
2026-05-09 16:00:26,602 - INFO - Train loss: 2.353, accuracy 0.575
2026-05-09 16:00:27,796 - INFO - Valid loss: 3.269, accuracy 0.465
2026-05-09 16:00:34,896 - INFO - Train loss: 2.350, accuracy 0.557
2026-05-09 16:00:36,088 - INFO - Valid loss: 3.241, accuracy 0.445
2026-05-09 16:00:43,504 - INFO - Train loss: 2.382, accuracy 0.576
2026-05-09 16:00:44,713 - INFO - Valid loss: 3.207, accuracy 0.480
2026-05-09 16:00:51,747 - INFO - Train loss: 2.364, accuracy 0.561
2026-05-09 16:00:52,922 - INFO - Valid loss: 3.285, accuracy 0.450
2026-05-09 16:00:59,814 - INFO - Train loss: 2.353, accuracy 0.549
2026-05-09 16:01:01,026 - INFO - Valid loss: 3.237, accuracy 0.450
2026-05-09 16:01:08,250 - INFO - Train loss: 2.356, accuracy 0.560
2026-05-09 16:01:09,465 - INFO - Valid loss: 3.266, accuracy 0.470
2026-05-09 16:01:16,833 - INFO - Train loss: 2.469, accuracy 0.554
2026-05-09 16:01:18,026 - INFO - Valid loss: 3.303, accuracy 0.435
2026-05-09 16:01:24,782 - INFO - Train loss: 2.326, accuracy 0.579
2026-05-09 16:01:26,003 - INFO - Valid loss: 3.250, accuracy 0.445
2026-05-09 16:01:32,979 - INFO - Train loss: 2.333, accuracy 0.551
2026-05-09 16:01:34,187 - INFO - Valid loss: 3.275, accuracy 0.470
2026-05-09 16:01:41,349 - INFO - Train loss: 2.282, accuracy 0.581
2026-05-09 16:01:42,594 - INFO - Valid loss: 3.257, accuracy 0.470
2026-05-09 16:01:49,530 - INFO - Train loss: 2.276, accuracy 0.579
2026-05-09 16:01:50,741 - INFO - Valid loss: 3.220, accuracy 0.425
2026-05-09 16:01:57,685 - INFO - Train loss: 2.286, accuracy 0.570
2026-05-09 16:01:58,864 - INFO - Valid loss: 3.334, accuracy 0.450
2026-05-09 16:02:05,821 - INFO - Train loss: 2.224, accuracy 0.584
2026-05-09 16:02:07,029 - INFO - Valid loss: 3.402, accuracy 0.470
2026-05-09 16:02:13,757 - INFO - Train loss: 2.235, accuracy 0.595
2026-05-09 16:02:14,965 - INFO - Valid loss: 3.185, accuracy 0.460
2026-05-09 16:02:22,081 - INFO - Train loss: 2.274, accuracy 0.580
2026-05-09 16:02:24,357 - INFO - Valid loss: 3.215, accuracy 0.425
2026-05-09 16:02:31,598 - INFO - Train loss: 2.298, accuracy 0.557
2026-05-09 16:02:32,799 - INFO - Valid loss: 3.184, accuracy 0.430
2026-05-09 16:02:40,009 - INFO - Train loss: 2.309, accuracy 0.589
2026-05-09 16:02:41,185 - INFO - Valid loss: 3.309, accuracy 0.455
2026-05-09 16:02:48,065 - INFO - Train loss: 2.204, accuracy 0.583
2026-05-09 16:02:49,277 - INFO - Valid loss: 3.260, accuracy 0.465
2026-05-09 16:02:56,477 - INFO - Train loss: 2.169, accuracy 0.603
2026-05-09 16:02:57,687 - INFO - Valid loss: 3.173, accuracy 0.480
2026-05-09 16:03:04,494 - INFO - Train loss: 2.165, accuracy 0.594
2026-05-09 16:03:05,704 - INFO - Valid loss: 3.319, accuracy 0.440
2026-05-09 16:03:12,645 - INFO - Train loss: 2.216, accuracy 0.585
2026-05-09 16:03:13,844 - INFO - Valid loss: 3.358, accuracy 0.445
2026-05-09 16:03:20,889 - INFO - Train loss: 2.215, accuracy 0.600
2026-05-09 16:03:22,086 - INFO - Valid loss: 3.251, accuracy 0.460
2026-05-09 16:03:29,046 - INFO - Train loss: 2.190, accuracy 0.595
2026-05-09 16:03:30,242 - INFO - Valid loss: 3.124, accuracy 0.450
2026-05-09 16:03:37,329 - INFO - Train loss: 2.204, accuracy 0.591
2026-05-09 16:03:38,539 - INFO - Valid loss: 3.442, accuracy 0.430
2026-05-09 16:03:45,970 - INFO - Train loss: 2.142, accuracy 0.604
2026-05-09 16:03:47,204 - INFO - Valid loss: 3.245, accuracy 0.445
2026-05-09 16:03:54,230 - INFO - Train loss: 2.140, accuracy 0.614
2026-05-09 16:03:55,435 - INFO - Valid loss: 3.502, accuracy 0.410
2026-05-09 16:04:02,518 - INFO - Train loss: 2.115, accuracy 0.605
2026-05-09 16:04:03,715 - INFO - Valid loss: 3.496, accuracy 0.425
2026-05-09 16:04:11,045 - INFO - Train loss: 2.082, accuracy 0.599
2026-05-09 16:04:12,279 - INFO - Valid loss: 3.230, accuracy 0.455
2026-05-09 16:04:19,381 - INFO - Train loss: 2.043, accuracy 0.630
2026-05-09 16:04:20,596 - INFO - Valid loss: 3.363, accuracy 0.425
2026-05-09 16:04:27,552 - INFO - Train loss: 2.100, accuracy 0.615
2026-05-09 16:04:28,782 - INFO - Valid loss: 3.278, accuracy 0.430
2026-05-09 16:04:35,836 - INFO - Train loss: 2.189, accuracy 0.603
2026-05-09 16:04:37,063 - INFO - Valid loss: 3.427, accuracy 0.425
2026-05-09 16:04:44,225 - INFO - Train loss: 2.077, accuracy 0.594
2026-05-09 16:04:45,453 - INFO - Valid loss: 3.721, accuracy 0.400
2026-05-09 16:04:52,858 - INFO - Train loss: 2.141, accuracy 0.591
2026-05-09 16:04:54,109 - INFO - Valid loss: 3.388, accuracy 0.450
2026-05-09 16:05:01,307 - INFO - Train loss: 2.037, accuracy 0.619
2026-05-09 16:05:02,528 - INFO - Valid loss: 3.582, accuracy 0.460
2026-05-09 16:05:09,443 - INFO - Train loss: 2.046, accuracy 0.627
2026-05-09 16:05:10,674 - INFO - Valid loss: 3.292, accuracy 0.460
2026-05-09 16:05:17,564 - INFO - Train loss: 2.007, accuracy 0.611
2026-05-09 16:05:18,801 - INFO - Valid loss: 3.411, accuracy 0.460
2026-05-09 16:05:26,345 - INFO - Train loss: 1.984, accuracy 0.630
2026-05-09 16:05:27,571 - INFO - Valid loss: 3.738, accuracy 0.415
2026-05-09 16:05:34,663 - INFO - Train loss: 2.007, accuracy 0.616
2026-05-09 16:05:35,864 - INFO - Valid loss: 3.369, accuracy 0.450
2026-05-09 16:05:42,982 - INFO - Train loss: 1.962, accuracy 0.641
2026-05-09 16:05:44,223 - INFO - Valid loss: 3.750, accuracy 0.435
2026-05-09 16:05:51,067 - INFO - Train loss: 1.927, accuracy 0.645
2026-05-09 16:05:52,303 - INFO - Valid loss: 3.812, accuracy 0.440
2026-05-09 16:05:59,345 - INFO - Train loss: 2.015, accuracy 0.608
2026-05-09 16:06:00,554 - INFO - Valid loss: 3.686, accuracy 0.430
2026-05-09 16:06:07,647 - INFO - Train loss: 2.015, accuracy 0.596
2026-05-09 16:06:08,850 - INFO - Valid loss: 3.773, accuracy 0.410
2026-05-09 16:06:15,764 - INFO - Train loss: 2.014, accuracy 0.616
2026-05-09 16:06:16,946 - INFO - Valid loss: 3.572, accuracy 0.445
2026-05-09 16:06:23,845 - INFO - Train loss: 1.898, accuracy 0.641
2026-05-09 16:06:25,064 - INFO - Valid loss: 3.619, accuracy 0.450
2026-05-09 16:06:32,082 - INFO - Train loss: 1.910, accuracy 0.634
2026-05-09 16:06:33,313 - INFO - Valid loss: 3.377, accuracy 0.445
2026-05-09 16:06:40,311 - INFO - Train loss: 1.903, accuracy 0.662
2026-05-09 16:06:41,493 - INFO - Valid loss: 3.556, accuracy 0.375
2026-05-09 16:06:48,575 - INFO - Train loss: 1.886, accuracy 0.635
2026-05-09 16:06:49,784 - INFO - Valid loss: 3.707, accuracy 0.425
2026-05-09 16:06:57,115 - INFO - Train loss: 1.839, accuracy 0.654
2026-05-09 16:06:58,314 - INFO - Valid loss: 3.753, accuracy 0.430
2026-05-09 16:07:05,603 - INFO - Train loss: 1.908, accuracy 0.618
2026-05-09 16:07:06,832 - INFO - Valid loss: 3.757, accuracy 0.430
2026-05-09 16:07:13,987 - INFO - Train loss: 1.857, accuracy 0.657
2026-05-09 16:07:15,187 - INFO - Valid loss: 3.557, accuracy 0.440
2026-05-09 16:07:22,218 - INFO - Train loss: 1.774, accuracy 0.659
2026-05-09 16:07:23,429 - INFO - Valid loss: 4.097, accuracy 0.440
2026-05-09 16:07:30,353 - INFO - Train loss: 1.812, accuracy 0.652
2026-05-09 16:07:31,577 - INFO - Valid loss: 4.129, accuracy 0.405
2026-05-09 16:07:38,451 - INFO - Train loss: 1.801, accuracy 0.652
2026-05-09 16:07:39,685 - INFO - Valid loss: 3.457, accuracy 0.445
2026-05-09 16:07:46,898 - INFO - Train loss: 1.951, accuracy 0.634
2026-05-09 16:07:48,129 - INFO - Valid loss: 3.961, accuracy 0.420
2026-05-09 16:07:55,317 - INFO - Train loss: 1.824, accuracy 0.631
2026-05-09 16:07:56,536 - INFO - Valid loss: 3.573, accuracy 0.425
2026-05-09 16:08:03,720 - INFO - Train loss: 1.937, accuracy 0.641
2026-05-09 16:08:04,952 - INFO - Valid loss: 3.824, accuracy 0.380
2026-05-09 16:08:11,966 - INFO - Train loss: 1.794, accuracy 0.660
2026-05-09 16:08:13,189 - INFO - Valid loss: 3.689, accuracy 0.435
2026-05-09 16:08:20,260 - INFO - Train loss: 1.695, accuracy 0.684
2026-05-09 16:08:21,477 - INFO - Valid loss: 3.925, accuracy 0.385
2026-05-09 16:08:28,722 - INFO - Train loss: 1.799, accuracy 0.666
2026-05-09 16:08:29,977 - INFO - Valid loss: 3.784, accuracy 0.450
2026-05-09 16:08:36,873 - INFO - Train loss: 1.827, accuracy 0.644
2026-05-09 16:08:38,126 - INFO - Valid loss: 3.740, accuracy 0.415
2026-05-09 16:08:45,283 - INFO - Train loss: 1.757, accuracy 0.677
2026-05-09 16:08:46,547 - INFO - Valid loss: 3.735, accuracy 0.305
2026-05-09 16:08:53,466 - INFO - Train loss: 1.814, accuracy 0.665
2026-05-09 16:08:54,692 - INFO - Valid loss: 4.007, accuracy 0.435
2026-05-09 16:09:01,841 - INFO - Train loss: 1.721, accuracy 0.661
2026-05-09 16:09:03,057 - INFO - Valid loss: 3.965, accuracy 0.410
2026-05-09 16:09:10,122 - INFO - Train loss: 1.695, accuracy 0.679
2026-05-09 16:09:11,354 - INFO - Valid loss: 4.142, accuracy 0.415
2026-05-09 16:09:18,129 - INFO - Train loss: 1.687, accuracy 0.686
2026-05-09 16:09:19,346 - INFO - Valid loss: 4.081, accuracy 0.455
2026-05-09 16:09:26,445 - INFO - Train loss: 1.666, accuracy 0.679
2026-05-09 16:09:27,668 - INFO - Valid loss: 3.779, accuracy 0.445
2026-05-09 16:09:34,851 - INFO - Train loss: 1.762, accuracy 0.664
2026-05-09 16:09:36,071 - INFO - Valid loss: 3.494, accuracy 0.425
2026-05-09 16:09:43,243 - INFO - Train loss: 1.636, accuracy 0.672
2026-05-09 16:09:44,470 - INFO - Valid loss: 4.148, accuracy 0.415
2026-05-09 16:09:51,365 - INFO - Train loss: 1.678, accuracy 0.672
2026-05-09 16:09:52,599 - INFO - Valid loss: 3.902, accuracy 0.400
2026-05-09 16:09:59,809 - INFO - Train loss: 1.609, accuracy 0.684
2026-05-09 16:10:01,033 - INFO - Valid loss: 4.008, accuracy 0.435
2026-05-09 16:10:08,175 - INFO - Train loss: 1.778, accuracy 0.640
2026-05-09 16:10:09,401 - INFO - Valid loss: 4.187, accuracy 0.445
2026-05-09 16:10:16,524 - INFO - Train loss: 1.694, accuracy 0.660
2026-05-09 16:10:17,716 - INFO - Valid loss: 4.620, accuracy 0.440
2026-05-09 16:10:24,883 - INFO - Train loss: 1.609, accuracy 0.686
2026-05-09 16:10:26,111 - INFO - Valid loss: 4.037, accuracy 0.450
2026-05-09 16:10:33,355 - INFO - Train loss: 1.597, accuracy 0.690
2026-05-09 16:10:34,606 - INFO - Valid loss: 4.268, accuracy 0.420
2026-05-09 16:10:42,104 - INFO - Train loss: 1.665, accuracy 0.677
2026-05-09 16:10:43,407 - INFO - Valid loss: 3.861, accuracy 0.385
2026-05-09 16:10:50,402 - INFO - Train loss: 1.602, accuracy 0.681
2026-05-09 16:10:51,644 - INFO - Valid loss: 4.299, accuracy 0.395
2026-05-09 16:10:58,914 - INFO - Train loss: 1.520, accuracy 0.713
2026-05-09 16:11:00,112 - INFO - Valid loss: 4.394, accuracy 0.390
2026-05-09 16:11:07,130 - INFO - Train loss: 1.526, accuracy 0.700
2026-05-09 16:11:08,377 - INFO - Valid loss: 5.041, accuracy 0.425
2026-05-09 16:11:15,546 - INFO - Train loss: 1.500, accuracy 0.698
2026-05-09 16:11:16,811 - INFO - Valid loss: 4.377, accuracy 0.385
2026-05-09 16:11:24,052 - INFO - Train loss: 1.720, accuracy 0.664
2026-05-09 16:11:25,275 - INFO - Valid loss: 4.289, accuracy 0.450
2026-05-09 16:11:32,407 - INFO - Train loss: 1.416, accuracy 0.729
2026-05-09 16:11:33,668 - INFO - Valid loss: 5.177, accuracy 0.420
2026-05-09 16:11:40,868 - INFO - Train loss: 1.591, accuracy 0.684
2026-05-09 16:11:42,061 - INFO - Valid loss: 4.089, accuracy 0.375
2026-05-09 16:11:49,071 - INFO - Train loss: 1.454, accuracy 0.718
2026-05-09 16:11:50,293 - INFO - Valid loss: 5.051, accuracy 0.435
2026-05-09 16:11:57,348 - INFO - Train loss: 1.547, accuracy 0.705
2026-05-09 16:11:58,581 - INFO - Valid loss: 4.039, accuracy 0.400
2026-05-09 16:12:05,711 - INFO - Train loss: 1.459, accuracy 0.709
2026-05-09 16:12:06,925 - INFO - Valid loss: 4.672, accuracy 0.420
2026-05-09 16:12:14,069 - INFO - Train loss: 1.498, accuracy 0.711
2026-05-09 16:12:15,295 - INFO - Valid loss: 4.174, accuracy 0.410
2026-05-09 16:12:22,299 - INFO - Train loss: 1.468, accuracy 0.719
2026-05-09 16:12:23,512 - INFO - Valid loss: 4.363, accuracy 0.395
2026-05-09 16:12:30,502 - INFO - Train loss: 1.374, accuracy 0.741
2026-05-09 16:12:31,742 - INFO - Valid loss: 4.361, accuracy 0.405
2026-05-09 16:12:38,955 - INFO - Train loss: 1.416, accuracy 0.715
2026-05-09 16:12:40,176 - INFO - Valid loss: 4.791, accuracy 0.435
2026-05-09 16:12:47,257 - INFO - Train loss: 1.459, accuracy 0.729
2026-05-09 16:12:48,481 - INFO - Valid loss: 4.661, accuracy 0.385
2026-05-09 16:12:55,608 - INFO - Train loss: 1.547, accuracy 0.694
2026-05-09 16:12:56,851 - INFO - Valid loss: 4.276, accuracy 0.395
2026-05-09 16:12:56,899 - INFO - Training End
2026-05-09 20:05:23,466 - INFO - Using cuda
2026-05-09 20:05:33,269 - INFO - Instance   0 | SCIP nb nodes      43  | SCIP time     4.75 
2026-05-09 20:05:33,270 - INFO -              | GNN  nb nodes     350  | GNN  time     4.50 
2026-05-09 20:05:33,270 - INFO -              | Gain          -713.95% | Gain          5.34%
2026-05-09 20:05:48,819 - INFO - Instance   1 | SCIP nb nodes     243  | SCIP time     7.71 
2026-05-09 20:05:48,820 - INFO -              | GNN  nb nodes     868  | GNN  time     7.81 
2026-05-09 20:05:48,820 - INFO -              | Gain          -257.20% | Gain         -1.22%
2026-05-09 20:05:53,314 - INFO - Instance   2 | SCIP nb nodes      19  | SCIP time     2.45 
2026-05-09 20:05:53,315 - INFO -              | GNN  nb nodes     171  | GNN  time     2.01 
2026-05-09 20:05:53,315 - INFO -              | Gain          -800.00% | Gain         17.83%
2026-05-09 20:05:56,316 - INFO - Instance   3 | SCIP nb nodes       5  | SCIP time     1.61 
2026-05-09 20:05:56,317 - INFO -              | GNN  nb nodes      31  | GNN  time     1.35 
2026-05-09 20:05:56,317 - INFO -              | Gain          -520.00% | Gain         16.11%
2026-05-09 20:06:25,480 - INFO - Instance   4 | SCIP nb nodes    1765  | SCIP time    11.64 
2026-05-09 20:06:25,484 - INFO -              | GNN  nb nodes    2774  | GNN  time    17.29 
2026-05-09 20:06:25,485 - INFO -              | Gain           -57.17% | Gain        -48.51%
2026-05-09 20:06:35,762 - INFO - Instance   5 | SCIP nb nodes      93  | SCIP time     5.08 
2026-05-09 20:06:35,762 - INFO -              | GNN  nb nodes     529  | GNN  time     5.03 
2026-05-09 20:06:35,762 - INFO -              | Gain          -468.82% | Gain          1.07%
2026-05-09 20:06:40,868 - INFO - Instance   6 | SCIP nb nodes      11  | SCIP time     3.10 
2026-05-09 20:06:40,868 - INFO -              | GNN  nb nodes      89  | GNN  time     1.98 
2026-05-09 20:06:40,868 - INFO -              | Gain          -709.09% | Gain         36.22%
2026-05-09 20:06:54,978 - INFO - Instance   7 | SCIP nb nodes     261  | SCIP time     5.78 
2026-05-09 20:06:54,978 - INFO -              | GNN  nb nodes    1058  | GNN  time     8.29 
2026-05-09 20:06:54,978 - INFO -              | Gain          -305.36% | Gain        -43.43%
2026-05-09 20:07:04,951 - INFO - Instance   8 | SCIP nb nodes     154  | SCIP time     5.72 
2026-05-09 20:07:04,951 - INFO -              | GNN  nb nodes     454  | GNN  time     4.22 
2026-05-09 20:07:04,951 - INFO -              | Gain          -194.81% | Gain         26.18%
2026-05-09 20:07:45,662 - INFO - Instance   9 | SCIP nb nodes    1470  | SCIP time    12.30 
2026-05-09 20:07:45,662 - INFO -              | GNN  nb nodes    3679  | GNN  time    28.37 
2026-05-09 20:07:45,662 - INFO -              | Gain          -150.27% | Gain       -130.70%
2026-05-09 20:07:50,706 - INFO - Instance  10 | SCIP nb nodes      23  | SCIP time     2.51 
2026-05-09 20:07:50,706 - INFO -              | GNN  nb nodes     191  | GNN  time     2.49 
2026-05-09 20:07:50,706 - INFO -              | Gain          -730.43% | Gain          0.82%
2026-05-09 20:08:02,656 - INFO - Instance  11 | SCIP nb nodes     385  | SCIP time     6.21 
2026-05-09 20:08:02,656 - INFO -              | GNN  nb nodes     778  | GNN  time     5.71 
2026-05-09 20:08:02,656 - INFO -              | Gain          -102.08% | Gain          8.08%
2026-05-09 20:08:11,065 - INFO - Instance  12 | SCIP nb nodes      99  | SCIP time     5.17 
2026-05-09 20:08:11,065 - INFO -              | GNN  nb nodes     213  | GNN  time     3.22 
2026-05-09 20:08:11,065 - INFO -              | Gain          -115.15% | Gain         37.75%
2026-05-09 20:08:27,848 - INFO - Instance  13 | SCIP nb nodes     368  | SCIP time     7.04 
2026-05-09 20:08:27,848 - INFO -              | GNN  nb nodes    1271  | GNN  time     9.71 
2026-05-09 20:08:27,848 - INFO -              | Gain          -245.38% | Gain        -38.03%
2026-05-09 20:08:37,858 - INFO - Instance  14 | SCIP nb nodes     255  | SCIP time     5.62 
2026-05-09 20:08:37,858 - INFO -              | GNN  nb nodes     635  | GNN  time     4.34 
2026-05-09 20:08:37,858 - INFO -              | Gain          -149.02% | Gain         22.86%
2026-05-09 20:12:24,242 - INFO - Instance  15 | SCIP nb nodes    9810  | SCIP time    45.35 
2026-05-09 20:12:24,244 - INFO -              | GNN  nb nodes    32149  | GNN  time   180.84 
2026-05-09 20:12:24,244 - INFO -              | Gain          -227.72% | Gain       -298.73%
2026-05-09 20:12:32,558 - INFO - Instance  16 | SCIP nb nodes      66  | SCIP time     5.37 
2026-05-09 20:12:32,563 - INFO -              | GNN  nb nodes     169  | GNN  time     2.87 
2026-05-09 20:12:32,564 - INFO -              | Gain          -156.06% | Gain         46.58%
2026-05-09 20:13:05,131 - INFO - Instance  17 | SCIP nb nodes    1288  | SCIP time    12.57 
2026-05-09 20:13:05,131 - INFO -              | GNN  nb nodes    2424  | GNN  time    19.45 
2026-05-09 20:13:05,131 - INFO -              | Gain           -88.20% | Gain        -54.74%
2026-05-09 20:15:35,491 - INFO - Instance  18 | SCIP nb nodes    6383  | SCIP time    29.94 
2026-05-09 20:15:35,491 - INFO -              | GNN  nb nodes    20447  | GNN  time   120.27 
2026-05-09 20:15:35,491 - INFO -              | Gain          -220.34% | Gain       -301.73%
2026-05-09 20:15:43,825 - INFO - Instance  19 | SCIP nb nodes     155  | SCIP time     3.86 
2026-05-09 20:15:43,835 - INFO -              | GNN  nb nodes     581  | GNN  time     4.40 
2026-05-09 20:15:43,835 - INFO -              | Gain          -274.84% | Gain        -13.85%
